2025-07-20 16:55:30,778 - weather.logging_config - DEBUG - Debug logging enabled. Log file: /Users/bjoernd/src/weather/weather_debug.log
2025-07-20 16:55:30,778 - weather.cli - DEBUG - Starting weather lookup for city: London
2025-07-20 16:55:30,778 - weather.cli - DEBUG - Debug mode: True
2025-07-20 16:55:30,778 - weather.config - DEBUG - Initializing config with path: /Users/bjoernd/src/weather/config.yaml
2025-07-20 16:55:30,778 - weather.config - DEBUG - Loading config from: /Users/bjoernd/src/weather/config.yaml
2025-07-20 16:55:30,778 - weather.config - DEBUG - Config loaded with keys: ['api']
2025-07-20 16:55:30,778 - weather.config - DEBUG - Getting API key for service: openweather
2025-07-20 16:55:30,778 - weather.config - DEBUG - No API key in environment: OPENWEATHER_API_KEY
2025-07-20 16:55:30,778 - weather.config - DEBUG - API key found in config: api.openweather.key
2025-07-20 16:55:30,778 - weather.cli - DEBUG - API key configured: Yes
2025-07-20 16:55:30,778 - weather.service - DEBUG - WeatherService initialized with API key
2025-07-20 16:55:30,778 - weather.service - DEBUG - Base URL: https://api.openweathermap.org/data/2.5/weather
2025-07-20 16:55:30,778 - weather.cli - DEBUG - WeatherService initialized
2025-07-20 16:55:30,778 - weather.cli - DEBUG - Fetching weather data for: London
2025-07-20 16:55:30,778 - weather.service - DEBUG - Getting weather for city: London
2025-07-20 16:55:30,778 - weather.service - DEBUG - Request parameters: {'q': 'London', 'appid': '2e80094984701e03609a3b6e1655e702', 'units': 'metric'}
2025-07-20 16:55:30,778 - weather.service - DEBUG - Making API request to: https://api.openweathermap.org/data/2.5/weather
2025-07-20 16:55:30,782 - urllib3.connectionpool - DEBUG - Starting new HTTPS connection (1): api.openweathermap.org:443
2025-07-20 16:55:31,247 - urllib3.connectionpool - DEBUG - https://api.openweathermap.org:443 "GET /data/2.5/weather?q=London&appid=2e80094984701e03609a3b6e1655e702&units=metric HTTP/1.1" 200 500
2025-07-20 16:55:31,248 - weather.service - DEBUG - API response status: 200
2025-07-20 16:55:31,248 - weather.service - DEBUG - Weather data keys: ['coord', 'weather', 'base', 'main', 'visibility', 'wind', 'clouds', 'dt', 'sys', 'timezone', 'id', 'name', 'cod']
2025-07-20 16:55:31,248 - weather.cli - DEBUG - Weather data retrieved successfully
2025-07-20 16:55:31,248 - weather.service - DEBUG - Formatting weather data for output
2025-07-20 16:55:31,248 - weather.service - DEBUG - Formatted data - City: London, Temp: 21.35°C
2025-07-20 16:55:31,248 - weather.cli - DEBUG - Weather data formatted for output
2025-07-20 16:57:11,250 - weather.logging_config - DEBUG - Debug logging enabled. Log file: /Users/bjoernd/src/weather/weather_debug.log
2025-07-20 16:57:11,250 - weather.cli - DEBUG - Starting weather lookup for city: Tokyo
2025-07-20 16:57:11,250 - weather.cli - DEBUG - Debug mode: True
2025-07-20 16:57:11,250 - weather.config - DEBUG - Initializing config with path: /Users/bjoernd/src/weather/config.yaml
2025-07-20 16:57:11,250 - weather.config - DEBUG - Loading config from: /Users/bjoernd/src/weather/config.yaml
2025-07-20 16:57:11,250 - weather.config - DEBUG - Config loaded with keys: ['api']
2025-07-20 16:57:11,250 - weather.config - DEBUG - Getting API key for service: openweather
2025-07-20 16:57:11,250 - weather.config - DEBUG - No API key in environment: OPENWEATHER_API_KEY
2025-07-20 16:57:11,250 - weather.config - DEBUG - API key found in config: api.openweather.key
2025-07-20 16:57:11,250 - weather.cli - DEBUG - API key configured: Yes
2025-07-20 16:57:11,250 - weather.service - DEBUG - WeatherService initialized with API key
2025-07-20 16:57:11,250 - weather.service - DEBUG - Base URL: https://api.openweathermap.org/data/2.5/weather
2025-07-20 16:57:11,250 - weather.cli - DEBUG - WeatherService initialized
2025-07-20 16:57:11,250 - weather.cli - DEBUG - Fetching weather data for: Tokyo
2025-07-20 16:57:11,250 - weather.service - DEBUG - Getting weather for city: Tokyo
2025-07-20 16:57:11,250 - weather.service - DEBUG - Request parameters: {'q': 'Tokyo', 'appid': '2e80094984701e03609a3b6e1655e702', 'units': 'metric'}
2025-07-20 16:57:11,250 - weather.service - DEBUG - Making API request to: https://api.openweathermap.org/data/2.5/weather
2025-07-20 16:57:11,254 - urllib3.connectionpool - DEBUG - Starting new HTTPS connection (1): api.openweathermap.org:443
2025-07-20 16:57:11,589 - urllib3.connectionpool - DEBUG - https://api.openweathermap.org:443 "GET /data/2.5/weather?q=Tokyo&appid=2e80094984701e03609a3b6e1655e702&units=metric HTTP/1.1" 200 504
2025-07-20 16:57:11,590 - weather.service - DEBUG - API response status: 200
2025-07-20 16:57:11,590 - weather.service - DEBUG - Weather data keys: ['coord', 'weather', 'base', 'main', 'visibility', 'wind', 'clouds', 'dt', 'sys', 'timezone', 'id', 'name', 'cod']
2025-07-20 16:57:11,591 - weather.cli - DEBUG - Weather data retrieved successfully
2025-07-20 16:57:11,591 - weather.service - DEBUG - Formatting weather data for output
2025-07-20 16:57:11,591 - weather.service - DEBUG - Formatted data - City: Tokyo, Temp: 27.97°C
2025-07-20 16:57:11,591 - weather.cli - DEBUG - Weather data formatted for output
2025-07-20 17:01:01,864 - weather.logging_config - DEBUG - Debug logging enabled. Log file: /Users/bjoernd/src/weather/weather_debug.log
2025-07-20 17:01:01,864 - weather.cli - DEBUG - Starting weather lookup for city: Berlin
2025-07-20 17:01:01,864 - weather.cli - DEBUG - Starting weather lookup for city: Berlin
2025-07-20 17:01:01,864 - weather.cli - DEBUG - Debug mode: True
2025-07-20 17:01:01,864 - weather.cli - DEBUG - Starting configuration initialization
2025-07-20 17:01:01,865 - weather.config - DEBUG - Initializing config with path: /Users/bjoernd/src/weather/config.yaml
2025-07-20 17:01:01,865 - weather.config - DEBUG - Starting config file loading
2025-07-20 17:01:01,865 - weather.config - DEBUG - Loading config from: /Users/bjoernd/src/weather/config.yaml
2025-07-20 17:01:01,865 - weather.config - DEBUG - Starting YAML file parsing
2025-07-20 17:01:01,865 - weather.config - DEBUG - Config loaded with keys: ['api']
2025-07-20 17:01:01,865 - weather.config - DEBUG - Completed YAML file parsing in 0.000s
2025-07-20 17:01:01,865 - weather.config - DEBUG - Completed config file loading in 0.000s
2025-07-20 17:01:01,865 - weather.config - DEBUG - Starting API key resolution for openweather
2025-07-20 17:01:01,865 - weather.config - DEBUG - Getting API key for service: openweather
2025-07-20 17:01:01,865 - weather.config - DEBUG - No API key in environment: OPENWEATHER_API_KEY
2025-07-20 17:01:01,865 - weather.config - DEBUG - API key found in config: api.openweather.key
2025-07-20 17:01:01,865 - weather.config - DEBUG - Completed API key resolution for openweather in 0.000s
2025-07-20 17:01:01,865 - weather.cli - DEBUG - Completed configuration initialization in 0.000s
2025-07-20 17:01:01,865 - weather.cli - DEBUG - API key configured: Yes
2025-07-20 17:01:01,865 - weather.service - DEBUG - WeatherService initialized with API key
2025-07-20 17:01:01,865 - weather.service - DEBUG - Base URL: https://api.openweathermap.org/data/2.5/weather
2025-07-20 17:01:01,865 - weather.cli - DEBUG - WeatherService initialized
2025-07-20 17:01:01,865 - weather.cli - DEBUG - Starting weather data fetch and format
2025-07-20 17:01:01,865 - weather.cli - DEBUG - Fetching weather data for: Berlin
2025-07-20 17:01:01,865 - weather.service - DEBUG - Getting weather for city: Berlin
2025-07-20 17:01:01,865 - weather.service - DEBUG - Request parameters: {'q': 'Berlin', 'appid': '2e80094984701e03609a3b6e1655e702', 'units': 'metric'}
2025-07-20 17:01:01,865 - weather.service - DEBUG - Starting API request to https://api.openweathermap.org/data/2.5/weather
2025-07-20 17:01:01,865 - weather.service - DEBUG - Making API request to: https://api.openweathermap.org/data/2.5/weather
2025-07-20 17:01:01,868 - urllib3.connectionpool - DEBUG - Starting new HTTPS connection (1): api.openweathermap.org:443
2025-07-20 17:01:02,323 - urllib3.connectionpool - DEBUG - https://api.openweathermap.org:443 "GET /data/2.5/weather?q=Berlin&appid=2e80094984701e03609a3b6e1655e702&units=metric HTTP/1.1" 200 513
2025-07-20 17:01:02,323 - weather.service - DEBUG - API response status: 200
2025-07-20 17:01:02,323 - weather.service - DEBUG - Completed API request to https://api.openweathermap.org/data/2.5/weather in 0.458s
2025-07-20 17:01:02,323 - weather.service - DEBUG - Starting JSON response parsing
2025-07-20 17:01:02,323 - weather.service - DEBUG - Weather data keys: ['coord', 'weather', 'base', 'main', 'visibility', 'wind', 'clouds', 'dt', 'sys', 'timezone', 'id', 'name', 'cod']
2025-07-20 17:01:02,323 - weather.service - DEBUG - Completed JSON response parsing in 0.000s
2025-07-20 17:01:02,324 - weather.cli - DEBUG - Weather data retrieved successfully
2025-07-20 17:01:02,324 - weather.service - DEBUG - Starting weather data formatting
2025-07-20 17:01:02,324 - weather.service - DEBUG - Formatting weather data for output
2025-07-20 17:01:02,324 - weather.service - DEBUG - Formatted data - City: Berlin, Temp: 30.26°C
2025-07-20 17:01:02,324 - weather.service - DEBUG - Completed weather data formatting in 0.000s
2025-07-20 17:01:02,324 - weather.cli - DEBUG - Weather data formatted for output
2025-07-20 17:01:02,324 - weather.cli - DEBUG - Completed weather data fetch and format in 0.459s
2025-07-20 17:01:02,324 - weather.cli - DEBUG - Completed weather lookup for city: Berlin in 0.459s
2025-07-20 17:04:00,391 - weather.logging_config - DEBUG - Debug logging enabled. Log file: /Users/bjoernd/src/weather/weather_debug.log
2025-07-20 17:04:00,391 - weather.cli - DEBUG - Starting weather lookup for city: Sydney
2025-07-20 17:04:00,391 - weather.cli - DEBUG - Starting weather lookup for city: Sydney
2025-07-20 17:04:00,391 - weather.cli - DEBUG - Debug mode: True
2025-07-20 17:04:00,391 - weather.cli - DEBUG - Starting configuration initialization
2025-07-20 17:04:00,391 - weather.config - DEBUG - Initializing config with path: /Users/bjoernd/src/weather/config.yaml
2025-07-20 17:04:00,391 - weather.config - DEBUG - Starting config file loading
2025-07-20 17:04:00,391 - weather.config - DEBUG - Loading config from: /Users/bjoernd/src/weather/config.yaml
2025-07-20 17:04:00,391 - weather.config - DEBUG - Starting YAML file parsing
2025-07-20 17:04:00,391 - weather.config - DEBUG - Config loaded with keys: ['api']
2025-07-20 17:04:00,391 - weather.config - DEBUG - Completed YAML file parsing in 0.000s
2025-07-20 17:04:00,391 - weather.config - DEBUG - Completed config file loading in 0.000s
2025-07-20 17:04:00,391 - weather.config - DEBUG - Starting API key resolution for openweather
2025-07-20 17:04:00,391 - weather.config - DEBUG - Getting API key for service: openweather
2025-07-20 17:04:00,391 - weather.config - DEBUG - No API key in environment: OPENWEATHER_API_KEY
2025-07-20 17:04:00,391 - weather.config - DEBUG - API key found in config: api.openweather.key
2025-07-20 17:04:00,391 - weather.config - DEBUG - Completed API key resolution for openweather in 0.000s
2025-07-20 17:04:00,391 - weather.cli - DEBUG - Completed configuration initialization in 0.000s
2025-07-20 17:04:00,391 - weather.cli - DEBUG - API key configured: Yes
2025-07-20 17:04:00,391 - weather.service - DEBUG - WeatherService initialized with API key
2025-07-20 17:04:00,391 - weather.service - DEBUG - Base URL: https://api.openweathermap.org/data/2.5/weather
2025-07-20 17:04:00,391 - weather.cli - DEBUG - WeatherService initialized
2025-07-20 17:04:00,391 - weather.cli - DEBUG - Starting weather data fetch and format
2025-07-20 17:04:00,391 - weather.cli - DEBUG - Fetching weather data for: Sydney
2025-07-20 17:04:00,391 - weather.service - DEBUG - Getting weather for city: Sydney
2025-07-20 17:04:00,391 - weather.service - DEBUG - Request parameters: {'q': 'Sydney', 'appid': '2e80094984701e03609a3b6e1655e702', 'units': 'metric'}
2025-07-20 17:04:00,391 - weather.service - DEBUG - Starting API request to https://api.openweathermap.org/data/2.5/weather
2025-07-20 17:04:00,391 - weather.service - DEBUG - Making API request to: https://api.openweathermap.org/data/2.5/weather
2025-07-20 17:04:00,395 - urllib3.connectionpool - DEBUG - Starting new HTTPS connection (1): api.openweathermap.org:443
2025-07-20 17:04:00,833 - urllib3.connectionpool - DEBUG - https://api.openweathermap.org:443 "GET /data/2.5/weather?q=Sydney&appid=2e80094984701e03609a3b6e1655e702&units=metric HTTP/1.1" 200 522
2025-07-20 17:04:00,833 - weather.service - DEBUG - API response status: 200
2025-07-20 17:04:00,834 - weather.service - DEBUG - Completed API request to https://api.openweathermap.org/data/2.5/weather in 0.442s
2025-07-20 17:04:00,834 - weather.service - DEBUG - Starting JSON response parsing
2025-07-20 17:04:00,834 - weather.service - DEBUG - Weather data keys: ['coord', 'weather', 'base', 'main', 'visibility', 'wind', 'clouds', 'dt', 'sys', 'timezone', 'id', 'name', 'cod']
2025-07-20 17:04:00,834 - weather.service - DEBUG - Completed JSON response parsing in 0.000s
2025-07-20 17:04:00,834 - weather.cli - DEBUG - Weather data retrieved successfully
2025-07-20 17:04:00,834 - weather.service - DEBUG - Starting weather data formatting
2025-07-20 17:04:00,834 - weather.service - DEBUG - Formatting weather data for output
2025-07-20 17:04:00,834 - weather.service - DEBUG - Formatted data - City: Sydney, Temp: 12.34°C
2025-07-20 17:04:00,834 - weather.service - DEBUG - Completed weather data formatting in 0.000s
2025-07-20 17:04:00,834 - weather.cli - DEBUG - Weather data formatted for output
2025-07-20 17:04:00,834 - weather.cli - DEBUG - Completed weather data fetch and format in 0.443s
2025-07-20 17:04:00,834 - weather.cli - DEBUG - Completed weather lookup for city: Sydney in 0.444s
2025-07-20 17:04:40,723 - weather.logging_config - DEBUG - Debug logging enabled. Log file: /Users/bjoernd/src/weather/weather_debug.log
2025-07-20 17:04:40,723 - weather.cli - DEBUG - Starting weather lookup for city: Vimmerby
2025-07-20 17:04:40,723 - weather.cli - DEBUG - Starting weather lookup for city: Vimmerby
2025-07-20 17:04:40,723 - weather.cli - DEBUG - Debug mode: True
2025-07-20 17:04:40,724 - weather.cli - DEBUG - Starting configuration initialization
2025-07-20 17:04:40,724 - weather.config - DEBUG - Initializing config with path: /Users/bjoernd/src/weather/config.yaml
2025-07-20 17:04:40,724 - weather.config - DEBUG - Starting config file loading
2025-07-20 17:04:40,724 - weather.config - DEBUG - Loading config from: /Users/bjoernd/src/weather/config.yaml
2025-07-20 17:04:40,724 - weather.config - DEBUG - Starting YAML file parsing
2025-07-20 17:04:40,724 - weather.config - DEBUG - Config loaded with keys: ['api']
2025-07-20 17:04:40,724 - weather.config - DEBUG - Completed YAML file parsing in 0.000s
2025-07-20 17:04:40,724 - weather.config - DEBUG - Completed config file loading in 0.000s
2025-07-20 17:04:40,724 - weather.config - DEBUG - Starting API key resolution for openweather
2025-07-20 17:04:40,724 - weather.config - DEBUG - Getting API key for service: openweather
2025-07-20 17:04:40,724 - weather.config - DEBUG - No API key in environment: OPENWEATHER_API_KEY
2025-07-20 17:04:40,724 - weather.config - DEBUG - API key found in config: api.openweather.key
2025-07-20 17:04:40,724 - weather.config - DEBUG - Completed API key resolution for openweather in 0.000s
2025-07-20 17:04:40,724 - weather.cli - DEBUG - Completed configuration initialization in 0.001s
2025-07-20 17:04:40,724 - weather.cli - DEBUG - API key configured: Yes
2025-07-20 17:04:40,724 - weather.service - DEBUG - WeatherService initialized with API key
2025-07-20 17:04:40,724 - weather.service - DEBUG - Base URL: https://api.openweathermap.org/data/2.5/weather
2025-07-20 17:04:40,724 - weather.cli - DEBUG - WeatherService initialized
2025-07-20 17:04:40,724 - weather.cli - DEBUG - Starting weather data fetch and format
2025-07-20 17:04:40,724 - weather.cli - DEBUG - Fetching weather data for: Vimmerby
2025-07-20 17:04:40,724 - weather.service - DEBUG - Getting weather for city: Vimmerby
2025-07-20 17:04:40,724 - weather.service - DEBUG - Request parameters: {'q': 'Vimmerby', 'appid': '2e80094984701e03609a3b6e1655e702', 'units': 'metric'}
2025-07-20 17:04:40,724 - weather.service - DEBUG - Starting API request to https://api.openweathermap.org/data/2.5/weather
2025-07-20 17:04:40,724 - weather.service - DEBUG - Making API request to: https://api.openweathermap.org/data/2.5/weather
2025-07-20 17:04:40,728 - urllib3.connectionpool - DEBUG - Starting new HTTPS connection (1): api.openweathermap.org:443
2025-07-20 17:04:41,127 - urllib3.connectionpool - DEBUG - https://api.openweathermap.org:443 "GET /data/2.5/weather?q=Vimmerby&appid=2e80094984701e03609a3b6e1655e702&units=metric HTTP/1.1" 200 491
2025-07-20 17:04:41,128 - weather.service - DEBUG - API response status: 200
2025-07-20 17:04:41,128 - weather.service - DEBUG - Completed API request to https://api.openweathermap.org/data/2.5/weather in 0.404s
2025-07-20 17:04:41,128 - weather.service - DEBUG - Starting JSON response parsing
2025-07-20 17:04:41,128 - weather.service - DEBUG - Weather data keys: ['coord', 'weather', 'base', 'main', 'visibility', 'wind', 'clouds', 'dt', 'sys', 'timezone', 'id', 'name', 'cod']
2025-07-20 17:04:41,128 - weather.service - DEBUG - Completed JSON response parsing in 0.000s
2025-07-20 17:04:41,129 - weather.cli - DEBUG - Weather data retrieved successfully
2025-07-20 17:04:41,129 - weather.service - DEBUG - Starting weather data formatting
2025-07-20 17:04:41,129 - weather.service - DEBUG - Formatting weather data for output
2025-07-20 17:04:41,129 - weather.service - DEBUG - Formatted data - City: Vimmerby, Temp: 26.58°C
2025-07-20 17:04:41,129 - weather.service - DEBUG - Completed weather data formatting in 0.000s
2025-07-20 17:04:41,129 - weather.cli - DEBUG - Weather data formatted for output
2025-07-20 17:04:41,129 - weather.cli - DEBUG - Completed weather data fetch and format in 0.405s
2025-07-20 17:04:41,129 - weather.cli - DEBUG - Completed weather lookup for city: Vimmerby in 0.406s
2025-07-20 15:05:57,066Z - weather.logging_config - DEBUG - Debug logging enabled. Log file: /Users/bjoernd/src/weather/weather_debug.log
2025-07-20 15:05:57,066Z - weather.cli - DEBUG - Starting weather lookup for city: Amsterdam
2025-07-20 15:05:57,066Z - weather.cli - DEBUG - Starting weather lookup for city: Amsterdam
2025-07-20 15:05:57,066Z - weather.cli - DEBUG - Debug mode: True
2025-07-20 15:05:57,066Z - weather.cli - DEBUG - Starting configuration initialization
2025-07-20 15:05:57,066Z - weather.config - DEBUG - Initializing config with path: /Users/bjoernd/src/weather/config.yaml
2025-07-20 15:05:57,066Z - weather.config - DEBUG - Starting config file loading
2025-07-20 15:05:57,066Z - weather.config - DEBUG - Loading config from: /Users/bjoernd/src/weather/config.yaml
2025-07-20 15:05:57,067Z - weather.config - DEBUG - Starting YAML file parsing
2025-07-20 15:05:57,067Z - weather.config - DEBUG - Config loaded with keys: ['api']
2025-07-20 15:05:57,067Z - weather.config - DEBUG - Completed YAML file parsing in 0.000s
2025-07-20 15:05:57,067Z - weather.config - DEBUG - Completed config file loading in 0.000s
2025-07-20 15:05:57,067Z - weather.config - DEBUG - Starting API key resolution for openweather
2025-07-20 15:05:57,067Z - weather.config - DEBUG - Getting API key for service: openweather
2025-07-20 15:05:57,067Z - weather.config - DEBUG - No API key in environment: OPENWEATHER_API_KEY
2025-07-20 15:05:57,067Z - weather.config - DEBUG - API key found in config: api.openweather.key
2025-07-20 15:05:57,067Z - weather.config - DEBUG - Completed API key resolution for openweather in 0.000s
2025-07-20 15:05:57,067Z - weather.cli - DEBUG - Completed configuration initialization in 0.001s
2025-07-20 15:05:57,067Z - weather.cli - DEBUG - API key configured: Yes
2025-07-20 15:05:57,067Z - weather.service - DEBUG - WeatherService initialized with API key
2025-07-20 15:05:57,067Z - weather.service - DEBUG - Base URL: https://api.openweathermap.org/data/2.5/weather
2025-07-20 15:05:57,067Z - weather.cli - DEBUG - WeatherService initialized
2025-07-20 15:05:57,067Z - weather.cli - DEBUG - Starting weather data fetch and format
2025-07-20 15:05:57,067Z - weather.cli - DEBUG - Fetching weather data for: Amsterdam
2025-07-20 15:05:57,067Z - weather.service - DEBUG - Getting weather for city: Amsterdam
2025-07-20 15:05:57,067Z - weather.service - DEBUG - Request parameters: {'q': 'Amsterdam', 'appid': '2e80094984701e03609a3b6e1655e702', 'units': 'metric'}
2025-07-20 15:05:57,067Z - weather.service - DEBUG - Starting API request to https://api.openweathermap.org/data/2.5/weather
2025-07-20 15:05:57,067Z - weather.service - DEBUG - Making API request to: https://api.openweathermap.org/data/2.5/weather
2025-07-20 15:05:57,070Z - urllib3.connectionpool - DEBUG - Starting new HTTPS connection (1): api.openweathermap.org:443
2025-07-20 15:05:57,394Z - urllib3.connectionpool - DEBUG - https://api.openweathermap.org:443 "GET /data/2.5/weather?q=Amsterdam&appid=2e80094984701e03609a3b6e1655e702&units=metric HTTP/1.1" 200 537
2025-07-20 15:05:57,395Z - weather.service - DEBUG - API response status: 200
2025-07-20 15:05:57,395Z - weather.service - DEBUG - Completed API request to https://api.openweathermap.org/data/2.5/weather in 0.328s
2025-07-20 15:05:57,395Z - weather.service - DEBUG - Starting JSON response parsing
2025-07-20 15:05:57,395Z - weather.service - DEBUG - Weather data keys: ['coord', 'weather', 'base', 'main', 'visibility', 'wind', 'rain', 'clouds', 'dt', 'sys', 'timezone', 'id', 'name', 'cod']
2025-07-20 15:05:57,395Z - weather.service - DEBUG - Completed JSON response parsing in 0.000s
2025-07-20 15:05:57,395Z - weather.cli - DEBUG - Weather data retrieved successfully
2025-07-20 15:05:57,396Z - weather.service - DEBUG - Starting weather data formatting
2025-07-20 15:05:57,396Z - weather.service - DEBUG - Formatting weather data for output
2025-07-20 15:05:57,396Z - weather.service - DEBUG - Formatted data - City: Amsterdam, Temp: 20.02°C
2025-07-20 15:05:57,396Z - weather.service - DEBUG - Completed weather data formatting in 0.000s
2025-07-20 15:05:57,396Z - weather.cli - DEBUG - Weather data formatted for output
2025-07-20 15:05:57,396Z - weather.cli - DEBUG - Completed weather data fetch and format in 0.329s
2025-07-20 15:05:57,396Z - weather.cli - DEBUG - Completed weather lookup for city: Amsterdam in 0.330s
2025-07-20 15:09:14,655Z - weather.logging_config - DEBUG - Debug logging enabled. Log file: /Users/bjoernd/src/weather/weather_debug.log
2025-07-20 15:09:14,655Z - weather.cli - DEBUG - Starting weather lookup for city: Vimmerby
2025-07-20 15:09:14,655Z - weather.cli - DEBUG - Starting weather lookup for city: Vimmerby
2025-07-20 15:09:14,655Z - weather.cli - DEBUG - Debug mode: True
2025-07-20 15:09:14,655Z - weather.cli - DEBUG - Starting configuration initialization
2025-07-20 15:09:14,655Z - weather.config - DEBUG - Initializing config with path: /Users/bjoernd/src/weather/config.yaml
2025-07-20 15:09:14,655Z - weather.config - DEBUG - Starting config file loading
2025-07-20 15:09:14,655Z - weather.config - DEBUG - Loading config from: /Users/bjoernd/src/weather/config.yaml
2025-07-20 15:09:14,655Z - weather.config - DEBUG - Starting YAML file parsing
2025-07-20 15:09:14,656Z - weather.config - DEBUG - Config loaded with keys: ['api']
2025-07-20 15:09:14,656Z - weather.config - DEBUG - Completed YAML file parsing in 0.000s
2025-07-20 15:09:14,656Z - weather.config - DEBUG - Completed config file loading in 0.000s
2025-07-20 15:09:14,656Z - weather.config - DEBUG - Starting API key resolution for openweather
2025-07-20 15:09:14,656Z - weather.config - DEBUG - Getting API key for service: openweather
2025-07-20 15:09:14,656Z - weather.config - DEBUG - No API key in environment: OPENWEATHER_API_KEY
2025-07-20 15:09:14,656Z - weather.config - DEBUG - API key found in config: api.openweather.key
2025-07-20 15:09:14,656Z - weather.config - DEBUG - Completed API key resolution for openweather in 0.000s
2025-07-20 15:09:14,656Z - weather.cli - DEBUG - Completed configuration initialization in 0.001s
2025-07-20 15:09:14,656Z - weather.cli - DEBUG - API key configured: Yes
2025-07-20 15:09:14,656Z - weather.service - DEBUG - WeatherService initialized with API key
2025-07-20 15:09:14,656Z - weather.service - DEBUG - Base URL: https://api.openweathermap.org/data/2.5/weather
2025-07-20 15:09:14,656Z - weather.cli - DEBUG - WeatherService initialized
2025-07-20 15:09:14,656Z - weather.cli - DEBUG - Starting weather data fetch and format
2025-07-20 15:09:14,656Z - weather.cli - DEBUG - Fetching weather data for: Vimmerby
2025-07-20 15:09:14,656Z - weather.service - DEBUG - Getting weather for city: Vimmerby
2025-07-20 15:09:14,656Z - weather.service - DEBUG - Request parameters: {'q': 'Vimmerby', 'appid': '2e80094984701e03609a3b6e1655e702', 'units': 'metric'}
2025-07-20 15:09:14,656Z - weather.service - DEBUG - Starting API request to https://api.openweathermap.org/data/2.5/weather
2025-07-20 15:09:14,656Z - weather.service - DEBUG - Making API request to: https://api.openweathermap.org/data/2.5/weather
2025-07-20 15:09:14,659Z - urllib3.connectionpool - DEBUG - Starting new HTTPS connection (1): api.openweathermap.org:443
2025-07-20 15:09:15,094Z - urllib3.connectionpool - DEBUG - https://api.openweathermap.org:443 "GET /data/2.5/weather?q=Vimmerby&appid=2e80094984701e03609a3b6e1655e702&units=metric HTTP/1.1" 200 491
2025-07-20 15:09:15,095Z - weather.service - DEBUG - API response status: 200
2025-07-20 15:09:15,096Z - weather.service - DEBUG - Completed API request to https://api.openweathermap.org/data/2.5/weather in 0.440s
2025-07-20 15:09:15,096Z - weather.service - DEBUG - Starting JSON response parsing
2025-07-20 15:09:15,096Z - weather.service - DEBUG - Weather data keys: ['coord', 'weather', 'base', 'main', 'visibility', 'wind', 'clouds', 'dt', 'sys', 'timezone', 'id', 'name', 'cod']
2025-07-20 15:09:15,096Z - weather.service - DEBUG - Completed JSON response parsing in 0.000s
2025-07-20 15:09:15,096Z - weather.cli - DEBUG - Weather data retrieved successfully
2025-07-20 15:09:15,096Z - weather.service - DEBUG - Starting weather data formatting
2025-07-20 15:09:15,096Z - weather.service - DEBUG - Formatting weather data for output
2025-07-20 15:09:15,096Z - weather.service - DEBUG - Formatted data - City: Vimmerby, Temp: 26.64°C
2025-07-20 15:09:15,097Z - weather.service - DEBUG - Completed weather data formatting in 0.000s
2025-07-20 15:09:15,097Z - weather.cli - DEBUG - Weather data formatted for output
2025-07-20 15:09:15,097Z - weather.cli - DEBUG - Completed weather data fetch and format in 0.441s
2025-07-20 15:09:15,097Z - weather.cli - DEBUG - Completed weather lookup for city: Vimmerby in 0.442s
2025-07-20 15:19:04,325Z - weather.logging_config - DEBUG - Debug logging enabled. Log file: /Users/bjoernd/src/weather/weather_debug.log
2025-07-20 15:19:04,325Z - weather.cli - DEBUG - Debug mode: True
2025-07-20 15:19:04,326Z - weather.cli - DEBUG - Starting configuration initialization
2025-07-20 15:19:04,326Z - weather.config - DEBUG - Initializing config with path: /Users/bjoernd/src/weather/config.yaml
2025-07-20 15:19:04,326Z - weather.config - DEBUG - Starting config file loading
2025-07-20 15:19:04,326Z - weather.config - DEBUG - Loading config from: /Users/bjoernd/src/weather/config.yaml
2025-07-20 15:19:04,326Z - weather.config - DEBUG - Starting YAML file parsing
2025-07-20 15:19:04,326Z - weather.config - DEBUG - Config loaded with keys: ['api', 'defaults']
2025-07-20 15:19:04,326Z - weather.config - DEBUG - Completed YAML file parsing in 0.000s
2025-07-20 15:19:04,326Z - weather.config - DEBUG - Completed config file loading in 0.000s
2025-07-20 15:19:04,326Z - weather.config - DEBUG - Starting API key resolution for openweather
2025-07-20 15:19:04,326Z - weather.config - DEBUG - Getting API key for service: openweather
2025-07-20 15:19:04,326Z - weather.config - DEBUG - No API key in environment: OPENWEATHER_API_KEY
2025-07-20 15:19:04,326Z - weather.config - DEBUG - API key found in config: api.openweather.key
2025-07-20 15:19:04,326Z - weather.config - DEBUG - Completed API key resolution for openweather in 0.000s
2025-07-20 15:19:04,326Z - weather.cli - DEBUG - Completed configuration initialization in 0.001s
2025-07-20 15:19:04,326Z - weather.cli - DEBUG - API key configured: Yes
2025-07-20 15:19:04,326Z - weather.cli - DEBUG - No city provided via --city, checking for default city
2025-07-20 15:19:04,326Z - weather.config - DEBUG - Starting default city lookup
2025-07-20 15:19:04,326Z - weather.config - DEBUG - Getting default city from configuration
2025-07-20 15:19:04,326Z - weather.config - DEBUG - Default city found: Stockholm
2025-07-20 15:19:04,326Z - weather.config - DEBUG - Completed default city lookup in 0.000s
2025-07-20 15:19:04,326Z - weather.cli - DEBUG - Using default city from config: Stockholm
2025-07-20 15:19:04,326Z - weather.cli - DEBUG - Starting weather lookup for city: Stockholm
2025-07-20 15:19:04,326Z - weather.cli - DEBUG - Starting weather lookup for city: Stockholm
2025-07-20 15:19:04,326Z - weather.service - DEBUG - WeatherService initialized with API key
2025-07-20 15:19:04,326Z - weather.service - DEBUG - Base URL: https://api.openweathermap.org/data/2.5/weather
2025-07-20 15:19:04,326Z - weather.cli - DEBUG - WeatherService initialized
2025-07-20 15:19:04,326Z - weather.cli - DEBUG - Starting weather data fetch and format
2025-07-20 15:19:04,326Z - weather.cli - DEBUG - Fetching weather data for: Stockholm
2025-07-20 15:19:04,326Z - weather.service - DEBUG - Getting weather for city: Stockholm
2025-07-20 15:19:04,326Z - weather.service - DEBUG - Request parameters: {'q': 'Stockholm', 'appid': '2e80094984701e03609a3b6e1655e702', 'units': 'metric'}
2025-07-20 15:19:04,326Z - weather.service - DEBUG - Starting API request to https://api.openweathermap.org/data/2.5/weather
2025-07-20 15:19:04,326Z - weather.service - DEBUG - Making API request to: https://api.openweathermap.org/data/2.5/weather
2025-07-20 15:19:04,330Z - urllib3.connectionpool - DEBUG - Starting new HTTPS connection (1): api.openweathermap.org:443
2025-07-20 15:19:04,815Z - urllib3.connectionpool - DEBUG - https://api.openweathermap.org:443 "GET /data/2.5/weather?q=Stockholm&appid=2e80094984701e03609a3b6e1655e702&units=metric HTTP/1.1" 200 498
2025-07-20 15:19:04,815Z - weather.service - DEBUG - API response status: 200
2025-07-20 15:19:04,815Z - weather.service - DEBUG - Completed API request to https://api.openweathermap.org/data/2.5/weather in 0.489s
2025-07-20 15:19:04,816Z - weather.service - DEBUG - Starting JSON response parsing
2025-07-20 15:19:04,816Z - weather.service - DEBUG - Weather data keys: ['coord', 'weather', 'base', 'main', 'visibility', 'wind', 'clouds', 'dt', 'sys', 'timezone', 'id', 'name', 'cod']
2025-07-20 15:19:04,816Z - weather.service - DEBUG - Completed JSON response parsing in 0.000s
2025-07-20 15:19:04,816Z - weather.cli - DEBUG - Weather data retrieved successfully
2025-07-20 15:19:04,816Z - weather.service - DEBUG - Starting weather data formatting
2025-07-20 15:19:04,816Z - weather.service - DEBUG - Formatting weather data for output
2025-07-20 15:19:04,816Z - weather.service - DEBUG - Formatted data - City: Stockholm, Temp: 26.9°C
2025-07-20 15:19:04,816Z - weather.service - DEBUG - Completed weather data formatting in 0.000s
2025-07-20 15:19:04,816Z - weather.cli - DEBUG - Weather data formatted for output
2025-07-20 15:19:04,816Z - weather.cli - DEBUG - Completed weather data fetch and format in 0.490s
2025-07-20 15:19:04,816Z - weather.cli - DEBUG - Completed weather lookup for city: Stockholm in 0.490s
